<?xml version="1.0" encoding="UTF-8"?>
<!-- Generated by org.testng.reporters.JUnitReportReporter -->
<testsuite hostname="DESKTOP-Q9UA2S7" failures="0" tests="1" name="Tests.RegisterTest" time="13.974" errors="1" timestamp="2023-11-20T03:00:11 ALMT" skipped="0">
  <testcase classname="Tests.RegisterTest" name="verifyRegisterTest" time="13.974">
    <error message="element click intercepted: Element &lt;textarea rows=&quot;2&quot; name=&quot;address&quot; placeholder=&quot;Address of your Pick up Location&quot; class=&quot;form-control px-3 h-auto bg-transparent&quot;&gt;&lt;/textarea&gt; is not clickable at point (892, 469). Other element would receive the click: &lt;iframe name=&quot;f34280b9883cce&quot; width=&quot;1000px&quot; height=&quot;1000px&quot; data-testid=&quot;dialog_iframe&quot; title=&quot;&quot; frameborder=&quot;0&quot; allowtransparency=&quot;true&quot; allowfullscreen=&quot;true&quot; scrolling=&quot;no&quot; allow=&quot;encrypted-media&quot; src=&quot;https://www.facebook.com/v4.0/plugins/customerchat.php?app_id=&amp;amp;attribution=setup_tool&amp;amp;channel=https%3A%2F%2Fstaticxx.facebook.com%2Fx%2Fconnect%2Fxd_arbiter%2F%3Fversion%3D46%23cb%3Df1a0552153ac91%26domain%3Dnew.steadfast.com.bd%26is_canvas%3Dfalse%26origin%3Dhttps%253A%252F%252Fnew.steadfast.com.bd%252Ff5519ca08a99d4%26relation%3Dparent.parent&amp;amp;container_width=1303&amp;amp;current_url=https%3A%2F%2Fnew.steadfast.com.bd%2Fregister&amp;amp;is_loaded_by_facade=true&amp;amp;locale=en_US&amp;amp;log_id=19bad70c-b271-4ba2-99da-b4bc425a1bab&amp;amp;page_id=114049202349356&amp;amp;request_time=1700427603252&amp;amp;sdk=joey&amp;amp;theme_color=%231dc68c&quot; style=&quot;padding: 0px; position: fixed; z-index: 2147483646; border-radius: 16px; top: auto; background: none; width: 399px; bottom: 84px; max-height: calc(100% - 84px); right: 16px; height: 445px; visibility: visible;&quot; class=&quot;&quot;&gt;&lt;/iframe&gt;
  (Session info: MicrosoftEdge=119.0.2151.72)
Build info: version: &#039;4.12.1&#039;, revision: &#039;8e34639b11&#039;
System info: os.name: &#039;Windows 10&#039;, os.arch: &#039;amd64&#039;, os.version: &#039;10.0&#039;, java.version: &#039;20.0.1&#039;
Driver info: org.openqa.selenium.edge.EdgeDriver
Command: [9160e98453afd5ee202dd659f0843caa, clickElement {id=49C45C66FC73CB3D7805B55F9DD9E09F_element_13}]
Capabilities {acceptInsecureCerts: false, browserName: msedge, browserVersion: 119.0.2151.72, fedcm:accounts: true, ms:edgeOptions: {debuggerAddress: localhost:10273}, msedge: {msedgedriverVersion: 119.0.2151.72 (e8225cce8e47..., userDataDir: C:\Users\Admin\AppData\Loca...}, networkConnectionEnabled: false, pageLoadStrategy: normal, platformName: windows, proxy: Proxy(), se:cdp: ws://localhost:10273/devtoo..., se:cdpVersion: 119.0.2151.72, setWindowRect: true, strictFileInteractability: false, timeouts: {implicit: 0, pageLoad: 300000, script: 30000}, unhandledPromptBehavior: dismiss and notify, webauthn:extension:credBlob: true, webauthn:extension:largeBlob: true, webauthn:extension:minPinLength: true, webauthn:extension:prf: true, webauthn:virtualAuthenticators: true}
Element: [[EdgeDriver: msedge on windows (9160e98453afd5ee202dd659f0843caa)] -&gt; xpath: //*[@id=&quot;app&quot;]/div/div[1]/section/div/div/div/div[2]/div/div/form/div[3]/div/textarea]
Session ID: 9160e98453afd5ee202dd659f0843caa" type="org.openqa.selenium.ElementClickInterceptedException">
      <![CDATA[org.openqa.selenium.ElementClickInterceptedException: element click intercepted: Element <textarea rows="2" name="address" placeholder="Address of your Pick up Location" class="form-control px-3 h-auto bg-transparent"></textarea> is not clickable at point (892, 469). Other element would receive the click: <iframe name="f34280b9883cce" width="1000px" height="1000px" data-testid="dialog_iframe" title="" frameborder="0" allowtransparency="true" allowfullscreen="true" scrolling="no" allow="encrypted-media" src="https://www.facebook.com/v4.0/plugins/customerchat.php?app_id=&amp;attribution=setup_tool&amp;channel=https%3A%2F%2Fstaticxx.facebook.com%2Fx%2Fconnect%2Fxd_arbiter%2F%3Fversion%3D46%23cb%3Df1a0552153ac91%26domain%3Dnew.steadfast.com.bd%26is_canvas%3Dfalse%26origin%3Dhttps%253A%252F%252Fnew.steadfast.com.bd%252Ff5519ca08a99d4%26relation%3Dparent.parent&amp;container_width=1303&amp;current_url=https%3A%2F%2Fnew.steadfast.com.bd%2Fregister&amp;is_loaded_by_facade=true&amp;locale=en_US&amp;log_id=19bad70c-b271-4ba2-99da-b4bc425a1bab&amp;page_id=114049202349356&amp;request_time=1700427603252&amp;sdk=joey&amp;theme_color=%231dc68c" style="padding: 0px; position: fixed; z-index: 2147483646; border-radius: 16px; top: auto; background: none; width: 399px; bottom: 84px; max-height: calc(100% - 84px); right: 16px; height: 445px; visibility: visible;" class=""></iframe>
  (Session info: MicrosoftEdge=119.0.2151.72)
Build info: version: '4.12.1', revision: '8e34639b11'
System info: os.name: 'Windows 10', os.arch: 'amd64', os.version: '10.0', java.version: '20.0.1'
Driver info: org.openqa.selenium.edge.EdgeDriver
Command: [9160e98453afd5ee202dd659f0843caa, clickElement {id=49C45C66FC73CB3D7805B55F9DD9E09F_element_13}]
Capabilities {acceptInsecureCerts: false, browserName: msedge, browserVersion: 119.0.2151.72, fedcm:accounts: true, ms:edgeOptions: {debuggerAddress: localhost:10273}, msedge: {msedgedriverVersion: 119.0.2151.72 (e8225cce8e47..., userDataDir: C:\Users\Admin\AppData\Loca...}, networkConnectionEnabled: false, pageLoadStrategy: normal, platformName: windows, proxy: Proxy(), se:cdp: ws://localhost:10273/devtoo..., se:cdpVersion: 119.0.2151.72, setWindowRect: true, strictFileInteractability: false, timeouts: {implicit: 0, pageLoad: 300000, script: 30000}, unhandledPromptBehavior: dismiss and notify, webauthn:extension:credBlob: true, webauthn:extension:largeBlob: true, webauthn:extension:minPinLength: true, webauthn:extension:prf: true, webauthn:virtualAuthenticators: true}
Element: [[EdgeDriver: msedge on windows (9160e98453afd5ee202dd659f0843caa)] -> xpath: //*[@id="app"]/div/div[1]/section/div/div/div/div[2]/div/div/form/div[3]/div/textarea]
Session ID: 9160e98453afd5ee202dd659f0843caa
at java.base/jdk.internal.reflect.DirectConstructorHandleAccessor.newInstance(DirectConstructorHandleAccessor.java:67)
at java.base/java.lang.reflect.Constructor.newInstanceWithCaller(Constructor.java:500)
at java.base/java.lang.reflect.Constructor.newInstance(Constructor.java:484)
at org.openqa.selenium.remote.codec.w3c.W3CHttpResponseCodec.createException(W3CHttpResponseCodec.java:200)
at org.openqa.selenium.remote.codec.w3c.W3CHttpResponseCodec.decode(W3CHttpResponseCodec.java:133)
at org.openqa.selenium.remote.codec.w3c.W3CHttpResponseCodec.decode(W3CHttpResponseCodec.java:52)
at org.openqa.selenium.remote.HttpCommandExecutor.execute(HttpCommandExecutor.java:191)
at org.openqa.selenium.remote.service.DriverCommandExecutor.invokeExecute(DriverCommandExecutor.java:196)
at org.openqa.selenium.remote.service.DriverCommandExecutor.execute(DriverCommandExecutor.java:171)
at org.openqa.selenium.remote.RemoteWebDriver.execute(RemoteWebDriver.java:602)
at org.openqa.selenium.remote.RemoteWebElement.execute(RemoteWebElement.java:224)
at org.openqa.selenium.remote.RemoteWebElement.click(RemoteWebElement.java:77)
at PageObjects.Register.Location(Register.java:56)
at Tests.RegisterTest.verifyRegisterTest(RegisterTest.java:35)
at java.base/jdk.internal.reflect.DirectMethodHandleAccessor.invoke(DirectMethodHandleAccessor.java:104)
at java.base/java.lang.reflect.Method.invoke(Method.java:578)
at org.testng.internal.invokers.MethodInvocationHelper.invokeMethod(MethodInvocationHelper.java:139)
at org.testng.internal.invokers.TestInvoker.invokeMethod(TestInvoker.java:664)
at org.testng.internal.invokers.TestInvoker.invokeTestMethod(TestInvoker.java:227)
at org.testng.internal.invokers.MethodRunner.runInSequence(MethodRunner.java:50)
at org.testng.internal.invokers.TestInvoker$MethodInvocationAgent.invoke(TestInvoker.java:957)
at org.testng.internal.invokers.TestInvoker.invokeTestMethods(TestInvoker.java:200)
at org.testng.internal.invokers.TestMethodWorker.invokeTestMethods(TestMethodWorker.java:148)
at org.testng.internal.invokers.TestMethodWorker.run(TestMethodWorker.java:128)
at java.base/java.util.ArrayList.forEach(ArrayList.java:1511)
at org.testng.TestRunner.privateRun(TestRunner.java:848)
at org.testng.TestRunner.run(TestRunner.java:621)
at org.testng.SuiteRunner.runTest(SuiteRunner.java:443)
at org.testng.SuiteRunner.runSequentially(SuiteRunner.java:437)
at org.testng.SuiteRunner.privateRun(SuiteRunner.java:397)
at org.testng.SuiteRunner.run(SuiteRunner.java:336)
at org.testng.SuiteRunnerWorker.runSuite(SuiteRunnerWorker.java:52)
at org.testng.SuiteRunnerWorker.run(SuiteRunnerWorker.java:95)
at org.testng.TestNG.runSuitesSequentially(TestNG.java:1280)
at org.testng.TestNG.runSuitesLocally(TestNG.java:1200)
at org.testng.TestNG.runSuites(TestNG.java:1114)
at org.testng.TestNG.run(TestNG.java:1082)
at org.testng.remote.AbstractRemoteTestNG.run(AbstractRemoteTestNG.java:115)
at org.testng.remote.RemoteTestNG.initAndRun(RemoteTestNG.java:251)
at org.testng.remote.RemoteTestNG.main(RemoteTestNG.java:77)
]]>
    </error>
  </testcase> <!-- verifyRegisterTest -->
</testsuite> <!-- Tests.RegisterTest -->
